p/4646564564563.jpeg 1 0 0 230 142
p/887968758.jpeg 1 0 0 463 191
p/567566545765.jpeg 1 0 0 453 397
p/766557867856.jpeg 1 0 0 736 325
p/34435435435234.jpeg 1 0 0 275 135
p/8767787676.jpeg 1 0 0 896 569
p/5755567656.jpeg 1 0 0 579 235
p/65345654646.jpeg 1 0 0 646 289
p/53654645654634.jpeg 1 0 0 720 772
p/34543534532453.jpeg 1 0 0 457 249
p/253455326356.jpeg 1 0 0 924 762
p/4234324123432.jpeg 1 0 0 381 291
p/45353254353.jpeg 1 0 0 465 276
p/423534523453.jpeg 1 0 0 787 594
p/53246346565.jpeg 1 0 0 250 170
p/2343543535.jpeg 1 0 0 306 258
p/53245355635623.jpeg 1 0 0 659 397
p/345345345235.jpeg 1 0 0 758 641
p/535343532453.jpeg 1 0 0 622 650
p/1698381989473.jpeg 1 0 0 486 441
p/425435436.jpeg 1 0 0 413 340
p/1698381958001.jpeg 1 0 0 599 554
p/1698381928494.jpeg 1 0 0 354 302
p/1698381829555.jpeg 1 0 0 682 374
p/1698381829553.jpeg 1 0 0 556 482
p/1698381856873.jpeg 1 0 0 567 442
p/1698381829559.jpeg 1 0 0 582 520
p/1698381829558.jpeg 1 0 0 603 536
p/1698381829557.jpeg 1 0 0 757 677
p/1698381829556.jpeg 1 0 0 682 374
p/1698381829554.jpeg 1 0 0 556 482
p/1698381829552.jpeg 1 0 0 846 702
p/1698381829551.jpeg 1 0 0 1208 1256
p/1698381829550.jpeg 1 0 0 1200 890
p/1698381829549.jpeg 1 0 0 1586 1316
p/1698381829548.jpeg 1 0 0 1438 1480
p/1698381829547.jpeg 1 0 0 1672 1396
p/1698381829546.jpeg 1 0 0 1226 1280
p/1698381829545.jpeg 1 0 0 1250 1136
p/1698381829544.jpeg 1 0 0 1376 1262
p/1698381829543.jpeg 1 0 0 1832 1678
p/1698381829540.jpeg 1 0 0 1030 974
p/1698381829539.jpeg 1 0 0 796 664
p/1698381829538.jpeg 1 0 0 948 900
p/1698381829537.jpeg 1 0 0 1110 1022
p/1698381829536.jpeg 1 0 0 1402 1136
p/1698381829535.jpeg 1 0 0 1448 1554
p/1698381829534.jpeg 1 0 0 1572 1480
p/1698381829533.jpeg 1 0 0 1518 1492
p/1698381829532.jpeg 1 0 0 1020 1070
p/1698381829531.jpeg 1 0 0 1222 1028
p/1698381829530.jpeg 1 0 0 1322 1048
p/1698375291845.jpeg 1 0 0 192 152
p/1698375291842.jpeg 1 0 0 164 150
p/1698375291841.jpeg 1 0 0 241 183
p/1698375291840.jpeg 1 0 0 139 105
p/1698375291837.jpeg 1 0 0 151 101
p/1698375291836.jpeg 1 0 0 173 122
p/1698375291835.jpeg 1 0 0 107 86
p/1698375291834.jpeg 1 0 0 136 66
p/1698375291832.jpeg 1 0 0 209 161
p/1698375291831.jpeg 1 0 0 268 112
p/1698375291829.jpeg 1 0 0 155 80
p/1698375291828.jpeg 1 0 0 84 48
p/1698375291827.jpeg 1 0 0 110 55
p/1698375291826.jpeg 1 0 0 262 157
p/1698375291824.jpeg 1 0 0 177 134
p/1698375291823.jpeg 1 0 0 226 85
p/1698375291822.jpeg 1 0 0 138 68
p/1698375291820.jpeg 1 0 0 99 39
p/1698375291818.jpeg 1 0 0 107 35
p/1698375291817.jpeg 1 0 0 193 120
p/1698375291816.jpeg 1 0 0 278 174
p/1698375291814.jpeg 1 0 0 174 94
p/1698375291813.jpeg 1 0 0 214 136
p/1698375291812.jpeg 1 0 0 274 158
p/1698375291810.jpeg 1 0 0 163 93
p/1698375291808.jpeg 1 0 0 174 80
p/1698375291807.jpeg 1 0 0 231 130
p/1698375291806.jpeg 1 0 0 224 130
p/1698375291805.jpeg 1 0 0 141 78
p/1698375291803.jpeg 1 0 0 126 55
p/1698375291801.jpeg 1 0 0 231 113
p/1698375291799.jpeg 1 0 0 211 114
p/1698375291798.jpeg 1 0 0 118 56
p/1698375291797.jpeg 1 0 0 140 79
p/1698375291796.jpeg 1 0 0 195 109
p/1698375291793.jpeg 1 0 0 156 143
p/1698375291792.jpeg 1 0 0 288 179
p/1698375291791.jpeg 1 0 0 199 93
p/1698375291788.jpeg 1 0 0 171 84
p/1698375291787.jpeg 1 0 0 118 62
p/1698375291786.jpeg 1 0 0 103 43
p/1698375291784.jpeg 1 0 0 178 126
p/1698375291782.jpeg 1 0 0 287 194
p/1698375291780.jpeg 1 0 0 184 124
p/1698375291779.jpeg 1 0 0 263 171
p/1698375291778.jpeg 1 0 0 212 119
p/1698375291775.jpeg 1 0 0 130 94
p/1698375291774.jpeg 1 0 0 234 156
p/1698375291772.jpeg 1 0 0 273 183
p/1698375291771.jpeg 1 0 0 95 60
p/1698375291769.jpeg 1 0 0 242 142
p/1698375291767.jpeg 1 0 0 187 145
p/1698375291765.jpeg 1 0 0 179 94
p/1698375291764.jpeg 1 0 0 85 54
p/1698375291762.jpeg 1 0 0 159 102
p/1698375291761.jpeg 1 0 0 159 68